生成启动时间为 2014/4/24 22:11:54。
     1>项目“E:\快盘1\Materials of master's section\C++\跟我一起学C++26-88PPt\ppt&src39-88\39-88cpp_program\57cpp\Calculator\Calculator\Calculator.vcxproj”在节点 2 上(build 个目标)。
     1>InitializeBuildStatus:
         正在创建“Debug\Calculator.unsuccessfulbuild”，因为已指定“AlwaysCreate”。
       ClCompile:
         D:\Program Files\Microsoft Visual Studio 10.0\VC\bin\CL.exe /c /ZI /nologo /W3 /WX- /Od /Oy- /D WIN32 /D _DEBUG /D _CONSOLE /D _UNICODE /D UNICODE /Gm /EHsc /RTC1 /MDd /GS /fp:precise /Zc:wchar_t /Zc:forScope /Fo"Debug\\" /Fd"Debug\vc100.pdb" /Gd /TP /analyze- /errorReport:prompt Calc.cpp Exception.cpp FunctionTable.cpp main.cpp Node.cpp Parser.cpp Scanner.cpp Storage.cpp SymbolTable.cpp Tracer.cpp
         Tracer.cpp
         SymbolTable.cpp
         Storage.cpp
         Scanner.cpp
         Parser.cpp
     1>e:\快盘1\materials of master's section\c++\跟我一起学c++26-88ppt\ppt&src39-88\39-88cpp_program\57cpp\calculator\calculator\parser.cpp(164): warning C4996: 'sprintf': This function or variable may be unsafe. Consider using sprintf_s instead. To disable deprecation, use _CRT_SECURE_NO_WARNINGS. See online help for details.
                 d:\program files\microsoft visual studio 10.0\vc\include\stdio.h(371) : 参见“sprintf”的声明
         Node.cpp
         main.cpp
         FunctionTable.cpp
         Exception.cpp
         Calc.cpp
         正在生成代码...
       ManifestResourceCompile:
         C:\Program Files\Microsoft SDKs\Windows\v7.0A\bin\rc.exe /nologo /fo"Debug\Calculator.exe.embed.manifest.res" Debug\Calculator_manifest.rc 
       Link:
         D:\Program Files\Microsoft Visual Studio 10.0\VC\bin\link.exe /ERRORREPORT:PROMPT /OUT:"E:\快盘1\Materials of master's section\C++\跟我一起学C++26-88PPt\ppt&src39-88\39-88cpp_program\57cpp\Calculator\Debug\Calculator.exe" /INCREMENTAL /NOLOGO kernel32.lib user32.lib gdi32.lib winspool.lib comdlg32.lib advapi32.lib shell32.lib ole32.lib oleaut32.lib uuid.lib odbc32.lib odbccp32.lib /MANIFEST /ManifestFile:"Debug\Calculator.exe.intermediate.manifest" /MANIFESTUAC:"level='asInvoker' uiAccess='false'" /DEBUG /PDB:"E:\快盘1\Materials of master's section\C++\跟我一起学C++26-88PPt\ppt&src39-88\39-88cpp_program\57cpp\Calculator\Debug\Calculator.pdb" /SUBSYSTEM:CONSOLE /TLBID:1 /DYNAMICBASE /NXCOMPAT /IMPLIB:"E:\快盘1\Materials of master's section\C++\跟我一起学C++26-88PPt\ppt&src39-88\39-88cpp_program\57cpp\Calculator\Debug\Calculator.lib" /MACHINE:X86 Debug\Calculator.exe.embed.manifest.res
         Debug\Calc.obj
         Debug\Exception.obj
         Debug\FunctionTable.obj
         Debug\main.obj
         Debug\Node.obj
         Debug\Parser.obj
         Debug\Scanner.obj
         Debug\Storage.obj
         Debug\SymbolTable.obj
         Debug\Tracer.obj
       Manifest:
         C:\Program Files\Microsoft SDKs\Windows\v7.0A\bin\mt.exe /nologo /verbose /out:"Debug\Calculator.exe.embed.manifest" /manifest Debug\Calculator.exe.intermediate.manifest
         C:\Program Files\Microsoft SDKs\Windows\v7.0A\bin\rc.exe /nologo /fo"Debug\Calculator.exe.embed.manifest.res" Debug\Calculator_manifest.rc 
       LinkEmbedManifest:
         D:\Program Files\Microsoft Visual Studio 10.0\VC\bin\link.exe /ERRORREPORT:PROMPT /OUT:"E:\快盘1\Materials of master's section\C++\跟我一起学C++26-88PPt\ppt&src39-88\39-88cpp_program\57cpp\Calculator\Debug\Calculator.exe" /INCREMENTAL /NOLOGO kernel32.lib user32.lib gdi32.lib winspool.lib comdlg32.lib advapi32.lib shell32.lib ole32.lib oleaut32.lib uuid.lib odbc32.lib odbccp32.lib /MANIFEST /ManifestFile:"Debug\Calculator.exe.intermediate.manifest" /MANIFESTUAC:"level='asInvoker' uiAccess='false'" /DEBUG /PDB:"E:\快盘1\Materials of master's section\C++\跟我一起学C++26-88PPt\ppt&src39-88\39-88cpp_program\57cpp\Calculator\Debug\Calculator.pdb" /SUBSYSTEM:CONSOLE /TLBID:1 /DYNAMICBASE /NXCOMPAT /IMPLIB:"E:\快盘1\Materials of master's section\C++\跟我一起学C++26-88PPt\ppt&src39-88\39-88cpp_program\57cpp\Calculator\Debug\Calculator.lib" /MACHINE:X86 Debug\Calculator.exe.embed.manifest.res
         Debug\Calc.obj
         Debug\Exception.obj
         Debug\FunctionTable.obj
         Debug\main.obj
         Debug\Node.obj
         Debug\Parser.obj
         Debug\Scanner.obj
         Debug\Storage.obj
         Debug\SymbolTable.obj
         Debug\Tracer.obj
         Calculator.vcxproj -> E:\快盘1\Materials of master's section\C++\跟我一起学C++26-88PPt\ppt&src39-88\39-88cpp_program\57cpp\Calculator\Debug\Calculator.exe
       FinalizeBuildStatus:
         正在删除文件“Debug\Calculator.unsuccessfulbuild”。
         正在对“Debug\Calculator.lastbuildstate”执行 Touch 任务。
     1>已完成生成项目“E:\快盘1\Materials of master's section\C++\跟我一起学C++26-88PPt\ppt&src39-88\39-88cpp_program\57cpp\Calculator\Calculator\Calculator.vcxproj”(build 个目标)的操作。

生成成功。

已用时间 00:00:18.35
