生成启动时间为 2014/9/12 15:33:44。
     1>项目“E:\快盘1\Materials of master's section\C++\跟我一起学C++1-88PPt\ppt&src26-38\26-38cpp\35cpp\35cpp\35cpp.vcxproj”在节点 2 上(rebuild 个目标)。
     1>_PrepareForClean:
         正在删除文件“Debug\35cpp.lastbuildstate”。
       InitializeBuildStatus:
         正在创建“Debug\35cpp.unsuccessfulbuild”，因为已指定“AlwaysCreate”。
       ClCompile:
         d:\Program Files\Microsoft Visual Studio 10.0\VC\bin\CL.exe /c /ZI /nologo /W3 /WX- /Od /Oy- /D WIN32 /D _DEBUG /D _CONSOLE /D _UNICODE /D UNICODE /Gm /EHsc /RTC1 /MDd /GS /fp:precise /Zc:wchar_t /Zc:forScope /Fo"Debug\\" /Fd"Debug\vc100.pdb" /Gd /TP /analyze- /errorReport:prompt "..\..\..\..\..\..\..\Materials of master's section\C++\跟我一起学C++1-88PPt\ppt&src26-38\26-38cpp\35cpp\35cpp\01.cpp"
         01.cpp
       ManifestResourceCompile:
         C:\Program Files\Microsoft SDKs\Windows\v7.0A\bin\rc.exe /nologo /fo"Debug\35cpp.exe.embed.manifest.res" Debug\35cpp_manifest.rc 
       Link:
         d:\Program Files\Microsoft Visual Studio 10.0\VC\bin\link.exe /ERRORREPORT:PROMPT /OUT:"E:\快盘1\Materials of master's section\C++\跟我一起学C++1-88PPt\ppt&src26-38\26-38cpp\35cpp\Debug\35cpp.exe" /INCREMENTAL /NOLOGO kernel32.lib user32.lib gdi32.lib winspool.lib comdlg32.lib advapi32.lib shell32.lib ole32.lib oleaut32.lib uuid.lib odbc32.lib odbccp32.lib /MANIFEST /ManifestFile:"Debug\35cpp.exe.intermediate.manifest" /MANIFESTUAC:"level='asInvoker' uiAccess='false'" /DEBUG /PDB:"E:\快盘1\Materials of master's section\C++\跟我一起学C++1-88PPt\ppt&src26-38\26-38cpp\35cpp\Debug\35cpp.pdb" /SUBSYSTEM:CONSOLE /TLBID:1 /DYNAMICBASE /NXCOMPAT /IMPLIB:"E:\快盘1\Materials of master's section\C++\跟我一起学C++1-88PPt\ppt&src26-38\26-38cpp\35cpp\Debug\35cpp.lib" /MACHINE:X86 Debug\35cpp.exe.embed.manifest.res
         Debug\01.obj
       Manifest:
         正在删除文件“Debug\35cpp.exe.embed.manifest”。
         C:\Program Files\Microsoft SDKs\Windows\v7.0A\bin\mt.exe /nologo /verbose /out:"Debug\35cpp.exe.embed.manifest" /manifest Debug\35cpp.exe.intermediate.manifest
         C:\Program Files\Microsoft SDKs\Windows\v7.0A\bin\rc.exe /nologo /fo"Debug\35cpp.exe.embed.manifest.res" Debug\35cpp_manifest.rc 
       LinkEmbedManifest:
         d:\Program Files\Microsoft Visual Studio 10.0\VC\bin\link.exe /ERRORREPORT:PROMPT /OUT:"E:\快盘1\Materials of master's section\C++\跟我一起学C++1-88PPt\ppt&src26-38\26-38cpp\35cpp\Debug\35cpp.exe" /INCREMENTAL /NOLOGO kernel32.lib user32.lib gdi32.lib winspool.lib comdlg32.lib advapi32.lib shell32.lib ole32.lib oleaut32.lib uuid.lib odbc32.lib odbccp32.lib /MANIFEST /ManifestFile:"Debug\35cpp.exe.intermediate.manifest" /MANIFESTUAC:"level='asInvoker' uiAccess='false'" /DEBUG /PDB:"E:\快盘1\Materials of master's section\C++\跟我一起学C++1-88PPt\ppt&src26-38\26-38cpp\35cpp\Debug\35cpp.pdb" /SUBSYSTEM:CONSOLE /TLBID:1 /DYNAMICBASE /NXCOMPAT /IMPLIB:"E:\快盘1\Materials of master's section\C++\跟我一起学C++1-88PPt\ppt&src26-38\26-38cpp\35cpp\Debug\35cpp.lib" /MACHINE:X86 Debug\35cpp.exe.embed.manifest.res
         Debug\01.obj
         35cpp.vcxproj -> E:\快盘1\Materials of master's section\C++\跟我一起学C++1-88PPt\ppt&src26-38\26-38cpp\35cpp\Debug\35cpp.exe
       FinalizeBuildStatus:
         正在删除文件“Debug\35cpp.unsuccessfulbuild”。
         正在对“Debug\35cpp.lastbuildstate”执行 Touch 任务。
     1>已完成生成项目“E:\快盘1\Materials of master's section\C++\跟我一起学C++1-88PPt\ppt&src26-38\26-38cpp\35cpp\35cpp\35cpp.vcxproj”(rebuild 个目标)的操作。

生成成功。

已用时间 00:00:01.51
