E:\快盘1\MATERIALS OF MASTER'S SECTION\C++\跟我一起学C++1-88PPT\PPT&SRC26-38\26-38CPP\35CPP\35CPP\DEBUG\01.OBJ
E:\快盘1\MATERIALS OF MASTER'S SECTION\C++\跟我一起学C++1-88PPT\PPT&SRC26-38\26-38CPP\35CPP\35CPP\DEBUG\35CPP.EXE.EMBED.MANIFEST
E:\快盘1\MATERIALS OF MASTER'S SECTION\C++\跟我一起学C++1-88PPT\PPT&SRC26-38\26-38CPP\35CPP\35CPP\DEBUG\35CPP.EXE.EMBED.MANIFEST.RES
E:\快盘1\MATERIALS OF MASTER'S SECTION\C++\跟我一起学C++1-88PPT\PPT&SRC26-38\26-38CPP\35CPP\35CPP\DEBUG\35CPP.EXE.INTERMEDIATE.MANIFEST
E:\快盘1\Materials of master's section\C++\跟我一起学C++1-88PPt\ppt&src26-38\26-38cpp\35cpp\35cpp\Debug\35cpp.write.1.tlog
E:\快盘1\Materials of master's section\C++\跟我一起学C++1-88PPt\ppt&src26-38\26-38cpp\35cpp\35cpp\Debug\35cpp_manifest.rc
E:\快盘1\Materials of master's section\C++\跟我一起学C++1-88PPt\ppt&src26-38\26-38cpp\35cpp\35cpp\Debug\cl.command.1.tlog
E:\快盘1\Materials of master's section\C++\跟我一起学C++1-88PPt\ppt&src26-38\26-38cpp\35cpp\35cpp\Debug\CL.read.1.tlog
E:\快盘1\Materials of master's section\C++\跟我一起学C++1-88PPt\ppt&src26-38\26-38cpp\35cpp\35cpp\Debug\CL.write.1.tlog
E:\快盘1\Materials of master's section\C++\跟我一起学C++1-88PPt\ppt&src26-38\26-38cpp\35cpp\35cpp\Debug\link.15384.read.1.tlog
E:\快盘1\Materials of master's section\C++\跟我一起学C++1-88PPt\ppt&src26-38\26-38cpp\35cpp\35cpp\Debug\link.15384.write.1.tlog
E:\快盘1\Materials of master's section\C++\跟我一起学C++1-88PPt\ppt&src26-38\26-38cpp\35cpp\35cpp\Debug\link.15384-cvtres.read.1.tlog
E:\快盘1\Materials of master's section\C++\跟我一起学C++1-88PPt\ppt&src26-38\26-38cpp\35cpp\35cpp\Debug\link.15384-cvtres.write.1.tlog
E:\快盘1\Materials of master's section\C++\跟我一起学C++1-88PPt\ppt&src26-38\26-38cpp\35cpp\35cpp\Debug\link.command.1.tlog
E:\快盘1\Materials of master's section\C++\跟我一起学C++1-88PPt\ppt&src26-38\26-38cpp\35cpp\35cpp\Debug\link.read.1.tlog
E:\快盘1\Materials of master's section\C++\跟我一起学C++1-88PPt\ppt&src26-38\26-38cpp\35cpp\35cpp\Debug\link.write.1.tlog
E:\快盘1\Materials of master's section\C++\跟我一起学C++1-88PPt\ppt&src26-38\26-38cpp\35cpp\35cpp\Debug\link-cvtres.read.1.tlog
E:\快盘1\Materials of master's section\C++\跟我一起学C++1-88PPt\ppt&src26-38\26-38cpp\35cpp\35cpp\Debug\link-cvtres.write.1.tlog
E:\快盘1\Materials of master's section\C++\跟我一起学C++1-88PPt\ppt&src26-38\26-38cpp\35cpp\35cpp\Debug\mt.command.1.tlog
E:\快盘1\Materials of master's section\C++\跟我一起学C++1-88PPt\ppt&src26-38\26-38cpp\35cpp\35cpp\Debug\mt.read.1.tlog
E:\快盘1\Materials of master's section\C++\跟我一起学C++1-88PPt\ppt&src26-38\26-38cpp\35cpp\35cpp\Debug\mt.write.1.tlog
E:\快盘1\Materials of master's section\C++\跟我一起学C++1-88PPt\ppt&src26-38\26-38cpp\35cpp\35cpp\Debug\rc.command.1.tlog
E:\快盘1\Materials of master's section\C++\跟我一起学C++1-88PPt\ppt&src26-38\26-38cpp\35cpp\35cpp\Debug\rc.read.1.tlog
E:\快盘1\Materials of master's section\C++\跟我一起学C++1-88PPt\ppt&src26-38\26-38cpp\35cpp\35cpp\Debug\rc.write.1.tlog
E:\快盘1\Materials of master's section\C++\跟我一起学C++1-88PPt\ppt&src26-38\26-38cpp\35cpp\35cpp\Debug\vc100.idb
E:\快盘1\MATERIALS OF MASTER'S SECTION\C++\跟我一起学C++1-88PPT\PPT&SRC26-38\26-38CPP\35CPP\35CPP\DEBUG\VC100.PDB
E:\快盘1\MATERIALS OF MASTER'S SECTION\C++\跟我一起学C++1-88PPT\PPT&SRC26-38\26-38CPP\35CPP\DEBUG\35CPP.EXE
E:\快盘1\MATERIALS OF MASTER'S SECTION\C++\跟我一起学C++1-88PPT\PPT&SRC26-38\26-38CPP\35CPP\DEBUG\35CPP.ILK
E:\快盘1\MATERIALS OF MASTER'S SECTION\C++\跟我一起学C++1-88PPT\PPT&SRC26-38\26-38CPP\35CPP\DEBUG\35CPP.PDB
