生成启动时间为 2014/9/12 17:41:39。
     1>项目“E:\快盘1\Materials of master's section\C++\跟我一起学C++1-88PPt\ppt&src26-38\26-38cpp\36cpp\36cpp\36cpp.vcxproj”在节点 2 上(build 个目标)。
     1>InitializeBuildStatus:
         正在创建“Debug\36cpp.unsuccessfulbuild”，因为已指定“AlwaysCreate”。
       ClCompile:
         d:\Program Files\Microsoft Visual Studio 10.0\VC\bin\CL.exe /c /ZI /nologo /W3 /WX- /Od /Oy- /D WIN32 /D _DEBUG /D _CONSOLE /D _UNICODE /D UNICODE /Gm /EHsc /RTC1 /MDd /GS /fp:precise /Zc:wchar_t /Zc:forScope /Fo"Debug\\" /Fd"Debug\vc100.pdb" /Gd /TP /analyze- /errorReport:prompt DynTest.cpp Shape.cpp
         Shape.cpp
         DynTest.cpp
         正在生成代码...
       ManifestResourceCompile:
         C:\Program Files\Microsoft SDKs\Windows\v7.0A\bin\rc.exe /nologo /fo"Debug\36cpp.exe.embed.manifest.res" Debug\36cpp_manifest.rc 
       Link:
         d:\Program Files\Microsoft Visual Studio 10.0\VC\bin\link.exe /ERRORREPORT:PROMPT /OUT:"E:\快盘1\Materials of master's section\C++\跟我一起学C++1-88PPt\ppt&src26-38\26-38cpp\36cpp\Debug\36cpp.exe" /INCREMENTAL /NOLOGO kernel32.lib user32.lib gdi32.lib winspool.lib comdlg32.lib advapi32.lib shell32.lib ole32.lib oleaut32.lib uuid.lib odbc32.lib odbccp32.lib /MANIFEST /ManifestFile:"Debug\36cpp.exe.intermediate.manifest" /MANIFESTUAC:"level='asInvoker' uiAccess='false'" /DEBUG /PDB:"E:\快盘1\Materials of master's section\C++\跟我一起学C++1-88PPt\ppt&src26-38\26-38cpp\36cpp\Debug\36cpp.pdb" /SUBSYSTEM:CONSOLE /TLBID:1 /DYNAMICBASE /NXCOMPAT /IMPLIB:"E:\快盘1\Materials of master's section\C++\跟我一起学C++1-88PPt\ppt&src26-38\26-38cpp\36cpp\Debug\36cpp.lib" /MACHINE:X86 Debug\36cpp.exe.embed.manifest.res
         Debug\DynTest.obj
         Debug\Shape.obj
       Manifest:
         C:\Program Files\Microsoft SDKs\Windows\v7.0A\bin\mt.exe /nologo /verbose /out:"Debug\36cpp.exe.embed.manifest" /manifest Debug\36cpp.exe.intermediate.manifest
         C:\Program Files\Microsoft SDKs\Windows\v7.0A\bin\rc.exe /nologo /fo"Debug\36cpp.exe.embed.manifest.res" Debug\36cpp_manifest.rc 
       LinkEmbedManifest:
         d:\Program Files\Microsoft Visual Studio 10.0\VC\bin\link.exe /ERRORREPORT:PROMPT /OUT:"E:\快盘1\Materials of master's section\C++\跟我一起学C++1-88PPt\ppt&src26-38\26-38cpp\36cpp\Debug\36cpp.exe" /INCREMENTAL /NOLOGO kernel32.lib user32.lib gdi32.lib winspool.lib comdlg32.lib advapi32.lib shell32.lib ole32.lib oleaut32.lib uuid.lib odbc32.lib odbccp32.lib /MANIFEST /ManifestFile:"Debug\36cpp.exe.intermediate.manifest" /MANIFESTUAC:"level='asInvoker' uiAccess='false'" /DEBUG /PDB:"E:\快盘1\Materials of master's section\C++\跟我一起学C++1-88PPt\ppt&src26-38\26-38cpp\36cpp\Debug\36cpp.pdb" /SUBSYSTEM:CONSOLE /TLBID:1 /DYNAMICBASE /NXCOMPAT /IMPLIB:"E:\快盘1\Materials of master's section\C++\跟我一起学C++1-88PPt\ppt&src26-38\26-38cpp\36cpp\Debug\36cpp.lib" /MACHINE:X86 Debug\36cpp.exe.embed.manifest.res
         Debug\DynTest.obj
         Debug\Shape.obj
         36cpp.vcxproj -> E:\快盘1\Materials of master's section\C++\跟我一起学C++1-88PPt\ppt&src26-38\26-38cpp\36cpp\Debug\36cpp.exe
       FinalizeBuildStatus:
         正在删除文件“Debug\36cpp.unsuccessfulbuild”。
         正在对“Debug\36cpp.lastbuildstate”执行 Touch 任务。
     1>已完成生成项目“E:\快盘1\Materials of master's section\C++\跟我一起学C++1-88PPt\ppt&src26-38\26-38cpp\36cpp\36cpp\36cpp.vcxproj”(build 个目标)的操作。

生成成功。

已用时间 00:00:04.50
