生成启动时间为 2015/2/3 18:12:16。
     1>项目“F:\快盘\Materials of master's section\C++\跟我一起学C++1-88PPt\ppt&src01-25\23cpp\23cpp\23cpp\23cpp.vcxproj”在节点 2 上(build 个目标)。
     1>InitializeBuildStatus:
         正在创建“Debug\23cpp.unsuccessfulbuild”，因为已指定“AlwaysCreate”。
       ClCompile:
         D:\Program Files\Microsoft Visual Studio 10.0\VC\bin\CL.exe /c /ZI /nologo /W3 /WX- /Od /Oy- /D WIN32 /D _DEBUG /D _CONSOLE /D _UNICODE /D UNICODE /Gm /EHsc /RTC1 /MDd /GS /fp:precise /Zc:wchar_t /Zc:forScope /Fo"Debug\\" /Fd"Debug\vc100.pdb" /Gd /TP /analyze- /errorReport:prompt 02.cpp Integer.cpp String.cpp
         String.cpp
         Integer.cpp
         02.cpp
         正在生成代码...
       ManifestResourceCompile:
         D:\Program Files\Microsoft SDKs\Windows\v7.1\Bin\rc.exe /nologo /fo"Debug\23cpp.exe.embed.manifest.res" Debug\23cpp_manifest.rc 
       Link:
         D:\Program Files\Microsoft Visual Studio 10.0\VC\bin\link.exe /ERRORREPORT:PROMPT /OUT:"F:\快盘\Materials of master's section\C++\跟我一起学C++1-88PPt\ppt&src01-25\23cpp\23cpp\Debug\23cpp.exe" /INCREMENTAL /NOLOGO ws2_32.lib jthread_d.lib jrtplib_d.lib opencv_calib3d244d.lib opencv_contrib244d.lib opencv_core244d.lib opencv_features2d244d.lib opencv_flann244d.lib opencv_gpu244d.lib opencv_highgui244d.lib opencv_imgproc244d.lib opencv_legacy244d.lib opencv_ml244d.lib opencv_objdetect244d.lib opencv_ts244d.lib opencv_video244d.lib opencv_nonfree244d.lib kernel32.lib user32.lib gdi32.lib winspool.lib comdlg32.lib advapi32.lib shell32.lib ole32.lib oleaut32.lib uuid.lib odbc32.lib odbccp32.lib /MANIFEST /ManifestFile:"Debug\23cpp.exe.intermediate.manifest" /MANIFESTUAC:"level='asInvoker' uiAccess='false'" /DEBUG /PDB:"F:\快盘\Materials of master's section\C++\跟我一起学C++1-88PPt\ppt&src01-25\23cpp\23cpp\Debug\23cpp.pdb" /SUBSYSTEM:CONSOLE /TLBID:1 /DYNAMICBASE /NXCOMPAT /IMPLIB:"F:\快盘\Materials of master's section\C++\跟我一起学C++1-88PPt\ppt&src01-25\23cpp\23cpp\Debug\23cpp.lib" /MACHINE:X86 Debug\23cpp.exe.embed.manifest.res
         Debug\02.obj
         Debug\Integer.obj
         Debug\String.obj
       Manifest:
         D:\Program Files\Microsoft SDKs\Windows\v7.1\Bin\mt.exe /nologo /verbose /out:"Debug\23cpp.exe.embed.manifest" /manifest Debug\23cpp.exe.intermediate.manifest
         D:\Program Files\Microsoft SDKs\Windows\v7.1\Bin\rc.exe /nologo /fo"Debug\23cpp.exe.embed.manifest.res" Debug\23cpp_manifest.rc 
       LinkEmbedManifest:
         D:\Program Files\Microsoft Visual Studio 10.0\VC\bin\link.exe /ERRORREPORT:PROMPT /OUT:"F:\快盘\Materials of master's section\C++\跟我一起学C++1-88PPt\ppt&src01-25\23cpp\23cpp\Debug\23cpp.exe" /INCREMENTAL /NOLOGO ws2_32.lib jthread_d.lib jrtplib_d.lib opencv_calib3d244d.lib opencv_contrib244d.lib opencv_core244d.lib opencv_features2d244d.lib opencv_flann244d.lib opencv_gpu244d.lib opencv_highgui244d.lib opencv_imgproc244d.lib opencv_legacy244d.lib opencv_ml244d.lib opencv_objdetect244d.lib opencv_ts244d.lib opencv_video244d.lib opencv_nonfree244d.lib kernel32.lib user32.lib gdi32.lib winspool.lib comdlg32.lib advapi32.lib shell32.lib ole32.lib oleaut32.lib uuid.lib odbc32.lib odbccp32.lib /MANIFEST /ManifestFile:"Debug\23cpp.exe.intermediate.manifest" /MANIFESTUAC:"level='asInvoker' uiAccess='false'" /DEBUG /PDB:"F:\快盘\Materials of master's section\C++\跟我一起学C++1-88PPt\ppt&src01-25\23cpp\23cpp\Debug\23cpp.pdb" /SUBSYSTEM:CONSOLE /TLBID:1 /DYNAMICBASE /NXCOMPAT /IMPLIB:"F:\快盘\Materials of master's section\C++\跟我一起学C++1-88PPt\ppt&src01-25\23cpp\23cpp\Debug\23cpp.lib" /MACHINE:X86 Debug\23cpp.exe.embed.manifest.res
         Debug\02.obj
         Debug\Integer.obj
         Debug\String.obj
         23cpp.vcxproj -> F:\快盘\Materials of master's section\C++\跟我一起学C++1-88PPt\ppt&src01-25\23cpp\23cpp\Debug\23cpp.exe
       FinalizeBuildStatus:
         正在删除文件“Debug\23cpp.unsuccessfulbuild”。
         正在对“Debug\23cpp.lastbuildstate”执行 Touch 任务。
     1>已完成生成项目“F:\快盘\Materials of master's section\C++\跟我一起学C++1-88PPt\ppt&src01-25\23cpp\23cpp\23cpp\23cpp.vcxproj”(build 个目标)的操作。

生成成功。

已用时间 00:00:13.48
